<?xml version="1.0" encoding="UTF-8"?>
<!-- Generated by org.testng.reporters.JUnitXMLReporter -->
<testsuite hostname="SMT-LAP-053" ignored="2" name="Default test" tests="1" failures="0" timestamp="25 Aug 2020 12:28:34 GMT" time="1384.606" errors="0">
  <testcase name="createCustomFieldsForLead" time="1357.08" classname="smarte.webautomation.CreateCustomFields"/>
  <testcase name="createCustomFieldsForContact" time="0.0" classname="smarte.webautomation.CreateCustomFields">
    <ignored/>
  </testcase> <!-- createCustomFieldsForContact -->
  <testcase name="createCustomFieldsForAccount" time="0.0" classname="smarte.webautomation.CreateCustomFields">
    <ignored/>
  </testcase> <!-- createCustomFieldsForAccount -->
</testsuite> <!-- Default test -->
