<?xml version="1.0" encoding="UTF-8"?>
<testng-results skipped="0" failed="1" ignored="0" total="1" passed="0">
  <reporter-output>
    <line>
      <![CDATA[junit.framework.AssertionFailedError]]>
    </line>
  </reporter-output>
  <suite name="Default suite" duration-ms="27622" started-at="2020-08-27T12:12:33Z" finished-at="2020-08-27T12:13:01Z">
    <groups>
    </groups>
    <test name="Default test" duration-ms="27622" started-at="2020-08-27T12:12:33Z" finished-at="2020-08-27T12:13:01Z">
      <class name="smarte.webautomation.CreateCustomFields">
        <test-method status="PASS" signature="initializemanager()[pri:0, instance:smarte.webautomation.CreateCustomFields@61322f9d]" name="initializemanager" is-config="true" duration-ms="20931" started-at="2020-08-27T12:12:33Z" finished-at="2020-08-27T12:12:54Z">
          <reporter-output>
          </reporter-output>
        </test-method> <!-- initializemanager -->
        <test-method status="PASS" signature="loadDriver()[pri:0, instance:smarte.webautomation.CreateCustomFields@61322f9d]" name="loadDriver" is-config="true" duration-ms="0" started-at="2020-08-27T12:12:54Z" depends-on-methods="smarte.webautomation.BaseTest.initializemanager" finished-at="2020-08-27T12:12:54Z">
          <reporter-output>
          </reporter-output>
        </test-method> <!-- loadDriver -->
        <test-method status="FAIL" signature="createCustomFieldsForLead()[pri:0, instance:smarte.webautomation.CreateCustomFields@61322f9d]" name="createCustomFieldsForLead" duration-ms="5265" started-at="2020-08-27T12:12:54Z" finished-at="2020-08-27T12:13:00Z">
          <exception class="junit.framework.AssertionFailedError">
            <full-stacktrace>
              <![CDATA[junit.framework.AssertionFailedError
at junit.framework.Assert.fail(Assert.java:48)
at junit.framework.Assert.assertTrue(Assert.java:20)
at junit.framework.Assert.assertTrue(Assert.java:27)
at smarte.webautomation.CreateCustomFields.createCustomFieldsForLead(CreateCustomFields.java:63)
at sun.reflect.NativeMethodAccessorImpl.invoke0(Native Method)
at sun.reflect.NativeMethodAccessorImpl.invoke(Unknown Source)
at sun.reflect.DelegatingMethodAccessorImpl.invoke(Unknown Source)
at java.lang.reflect.Method.invoke(Unknown Source)
at org.testng.internal.MethodInvocationHelper.invokeMethod(MethodInvocationHelper.java:124)
at org.testng.internal.Invoker.invokeMethod(Invoker.java:583)
at org.testng.internal.Invoker.invokeTestMethod(Invoker.java:719)
at org.testng.internal.Invoker.invokeTestMethods(Invoker.java:989)
at org.testng.internal.TestMethodWorker.invokeTestMethods(TestMethodWorker.java:125)
at org.testng.internal.TestMethodWorker.run(TestMethodWorker.java:109)
at org.testng.TestRunner.privateRun(TestRunner.java:648)
at org.testng.TestRunner.run(TestRunner.java:505)
at org.testng.SuiteRunner.runTest(SuiteRunner.java:455)
at org.testng.SuiteRunner.runSequentially(SuiteRunner.java:450)
at org.testng.SuiteRunner.privateRun(SuiteRunner.java:415)
at org.testng.SuiteRunner.run(SuiteRunner.java:364)
at org.testng.SuiteRunnerWorker.runSuite(SuiteRunnerWorker.java:52)
at org.testng.SuiteRunnerWorker.run(SuiteRunnerWorker.java:84)
at org.testng.TestNG.runSuitesSequentially(TestNG.java:1208)
at org.testng.TestNG.runSuitesLocally(TestNG.java:1137)
at org.testng.TestNG.runSuites(TestNG.java:1049)
at org.testng.TestNG.run(TestNG.java:1017)
at org.testng.remote.AbstractRemoteTestNG.run(AbstractRemoteTestNG.java:115)
at org.testng.remote.RemoteTestNG.initAndRun(RemoteTestNG.java:251)
at org.testng.remote.RemoteTestNG.main(RemoteTestNG.java:77)
]]>
            </full-stacktrace>
          </exception> <!-- junit.framework.AssertionFailedError -->
          <reporter-output>
            <line>
              <![CDATA[junit.framework.AssertionFailedError]]>
            </line>
          </reporter-output>
        </test-method> <!-- createCustomFieldsForLead -->
        <test-method status="PASS" signature="close()[pri:0, instance:smarte.webautomation.CreateCustomFields@61322f9d]" name="close" is-config="true" duration-ms="1330" started-at="2020-08-27T12:13:00Z" finished-at="2020-08-27T12:13:01Z">
          <reporter-output>
          </reporter-output>
        </test-method> <!-- close -->
      </class> <!-- smarte.webautomation.CreateCustomFields -->
    </test> <!-- Default test -->
  </suite> <!-- Default suite -->
</testng-results>
