<?xml version="1.0" encoding="UTF-8"?>
<testng-results skipped="0" failed="0" ignored="2" total="3" passed="1">
  <reporter-output>
  </reporter-output>
  <suite name="Default suite" duration-ms="1384606" started-at="2020-08-25T12:05:29Z" finished-at="2020-08-25T12:28:34Z">
    <groups>
    </groups>
    <test name="Default test" duration-ms="1384606" started-at="2020-08-25T12:05:29Z" finished-at="2020-08-25T12:28:34Z">
      <class name="smarte.webautomation.CreateCustomFields">
        <test-method status="PASS" signature="initializemanager()[pri:0, instance:smarte.webautomation.CreateCustomFields@b3ca52e]" name="initializemanager" is-config="true" duration-ms="26039" started-at="2020-08-25T12:05:29Z" finished-at="2020-08-25T12:05:55Z">
          <reporter-output>
          </reporter-output>
        </test-method> <!-- initializemanager -->
        <test-method status="PASS" signature="loadDriver()[pri:0, instance:smarte.webautomation.CreateCustomFields@b3ca52e]" name="loadDriver" is-config="true" duration-ms="3" started-at="2020-08-25T12:05:55Z" depends-on-methods="smarte.webautomation.BaseTest.initializemanager" finished-at="2020-08-25T12:05:55Z">
          <reporter-output>
          </reporter-output>
        </test-method> <!-- loadDriver -->
        <test-method status="PASS" signature="createCustomFieldsForLead()[pri:0, instance:smarte.webautomation.CreateCustomFields@b3ca52e]" name="createCustomFieldsForLead" duration-ms="1357080" started-at="2020-08-25T12:05:55Z" finished-at="2020-08-25T12:28:32Z">
          <reporter-output>
          </reporter-output>
        </test-method> <!-- createCustomFieldsForLead -->
        <test-method status="PASS" signature="close()[pri:0, instance:smarte.webautomation.CreateCustomFields@b3ca52e]" name="close" is-config="true" duration-ms="1424" started-at="2020-08-25T12:28:32Z" finished-at="2020-08-25T12:28:34Z">
          <reporter-output>
          </reporter-output>
        </test-method> <!-- close -->
      </class> <!-- smarte.webautomation.CreateCustomFields -->
    </test> <!-- Default test -->
  </suite> <!-- Default suite -->
</testng-results>
